<?xml version="1.0" encoding="UTF-8"?>
<!-- Generated by org.testng.reporters.JUnitReportReporter -->
<testsuite hostname="DESKTOP-U4UFJ9B" failures="0" tests="1" name="testScripts.AddToCartTest" time="17.589" errors="0" timestamp="2023-05-26T08:50:04 IST" skipped="0">
  <testcase classname="testScripts.AddToCartTest" name="addToCartTest" time="17.589"/>
  <system-out/>
</testsuite> <!-- testScripts.AddToCartTest -->
