<?xml version="1.0" encoding="UTF-8"?>
<!-- Generated by org.testng.reporters.JUnitReportReporter -->
<testsuite hostname="DESKTOP-U4UFJ9B" failures="0" tests="1" name="testScripts.AddToCartTest" time="11.816" errors="0" timestamp="2023-05-24T23:52:00 IST" skipped="0">
  <testcase classname="testScripts.AddToCartTest" name="addToCartTest" time="11.816"/>
  <system-out/>
</testsuite> <!-- testScripts.AddToCartTest -->
