<?xml version="1.0" encoding="UTF-8"?>
<!-- Generated by org.testng.reporters.JUnitReportReporter -->
<testsuite hostname="DESKTOP-U4UFJ9B" failures="0" tests="1" name="testScripts.SendContactDetailsTest" time="14.605" errors="0" timestamp="2023-05-26T08:50:04 IST" skipped="0">
  <testcase classname="testScripts.SendContactDetailsTest" name="sendContactDetailsTest" time="14.605"/>
  <system-out/>
</testsuite> <!-- testScripts.SendContactDetailsTest -->
