<?xml version="1.0" encoding="UTF-8"?>
<!-- Generated by org.testng.reporters.JUnitReportReporter -->
<testsuite hostname="DESKTOP-U4UFJ9B" failures="0" tests="1" name="testScripts.SendContactDetailsTest" time="18.760" errors="0" timestamp="2023-05-26T10:12:36 IST" skipped="0">
  <testcase classname="testScripts.SendContactDetailsTest" name="sendContactDetailsTest" time="18.760"/>
  <system-out/>
</testsuite> <!-- testScripts.SendContactDetailsTest -->
