<?xml version="1.0" encoding="UTF-8"?>
<!-- Generated by org.testng.reporters.JUnitReportReporter -->
<testsuite hostname="DESKTOP-U4UFJ9B" failures="0" tests="1" name="testScripts.SendContactDetailsTest" time="19.185" errors="0" timestamp="2023-05-25T13:17:06 IST" skipped="0">
  <testcase classname="testScripts.SendContactDetailsTest" name="sendContactDetailsTest" time="19.185"/>
  <system-out/>
</testsuite> <!-- testScripts.SendContactDetailsTest -->
