<?xml version="1.0" encoding="UTF-8"?>
<!-- Generated by org.testng.reporters.JUnitReportReporter -->
<testsuite hostname="DESKTOP-U4UFJ9B" failures="0" tests="1" name="testScripts.TestingPageDragAndDrop" time="31.237" errors="0" timestamp="2023-05-25T08:48:39 IST" skipped="0">
  <testcase classname="testScripts.TestingPageDragAndDrop" name="testingPageDragAndDrop" time="31.237"/>
  <system-out/>
</testsuite> <!-- testScripts.TestingPageDragAndDrop -->
