<?xml version="1.0" encoding="UTF-8"?>
<!-- Generated by org.testng.reporters.JUnitReportReporter -->
<testsuite hostname="DESKTOP-U4UFJ9B" failures="0" tests="1" name="testScripts.AddToCartTest" time="19.089" errors="0" timestamp="2023-05-26T10:12:36 IST" skipped="0">
  <testcase classname="testScripts.AddToCartTest" name="addToCartTest" time="19.089"/>
  <system-out/>
</testsuite> <!-- testScripts.AddToCartTest -->
