<?xml version="1.0" encoding="UTF-8"?>
<!-- Generated by org.testng.reporters.JUnitReportReporter -->
<testsuite hostname="DESKTOP-U4UFJ9B" failures="0" tests="1" name="testScripts.AddTestingCourseToMyCartTest" time="30.981" errors="0" timestamp="2023-05-25T13:52:32 IST" skipped="0">
  <testcase classname="testScripts.AddTestingCourseToMyCartTest" name="addPythonToMyCart" time="30.981"/>
  <system-out/>
</testsuite> <!-- testScripts.AddTestingCourseToMyCartTest -->
